2020-05-16 at 11:51:57 CST INFO  org.springframework.boot.StartupInfoLogger 55 logStarting - Starting Music2Application on LAPTOP-M9BN9HC8 with PID 9136 (D:\soft\devSoft\JetBrains\ideaWorkPlace\music2\target\classes started by camus in D:\soft\devSoft\JetBrains\ideaWorkPlace\music2)
2020-05-16 at 11:51:57 CST INFO  org.springframework.boot.SpringApplication 651 logStartupProfileInfo - No active profile set, falling back to default profiles: default
2020-05-16 at 11:51:57 CST INFO  org.springframework.boot.logging.DeferredLog 225 logTo - Devtools property defaults active! Set 'spring.devtools.add-properties' to 'false' to disable
2020-05-16 at 11:51:57 CST INFO  org.springframework.boot.logging.DeferredLog 225 logTo - For additional web related logging consider setting the 'logging.level.web' property to 'DEBUG'
2020-05-16 at 11:51:58 CST INFO  org.springframework.boot.web.embedded.tomcat.TomcatWebServer 92 initialize - Tomcat initialized with port(s): 8080 (http)
2020-05-16 at 11:51:58 CST INFO  org.apache.juli.logging.DirectJDKLog 173 log - Initializing ProtocolHandler ["http-nio-8080"]
2020-05-16 at 11:51:58 CST INFO  org.apache.juli.logging.DirectJDKLog 173 log - Starting service [Tomcat]
2020-05-16 at 11:51:58 CST INFO  org.apache.juli.logging.DirectJDKLog 173 log - Starting Servlet engine: [Apache Tomcat/9.0.33]
2020-05-16 at 11:51:58 CST INFO  org.apache.juli.logging.DirectJDKLog 173 log - Loaded APR based Apache Tomcat Native library [1.2.23] using APR version [1.7.0].
2020-05-16 at 11:51:58 CST INFO  org.apache.juli.logging.DirectJDKLog 173 log - APR capabilities: IPv6 [true], sendfile [true], accept filters [false], random [true].
2020-05-16 at 11:51:58 CST INFO  org.apache.juli.logging.DirectJDKLog 173 log - APR/OpenSSL configuration: useAprConnector [false], useOpenSSL [true]
2020-05-16 at 11:51:58 CST INFO  org.apache.juli.logging.DirectJDKLog 173 log - OpenSSL successfully initialized [OpenSSL 1.1.1c  28 May 2019]
2020-05-16 at 11:51:58 CST INFO  org.apache.juli.logging.DirectJDKLog 173 log - Initializing Spring embedded WebApplicationContext
2020-05-16 at 11:51:58 CST INFO  org.springframework.boot.web.servlet.context.ServletWebServerApplicationContext 284 prepareWebApplicationContext - Root WebApplicationContext: initialization completed in 796 ms
2020-05-16 at 11:51:58 CST INFO  org.springframework.scheduling.concurrent.ExecutorConfigurationSupport 181 initialize - Initializing ExecutorService 'applicationTaskExecutor'
2020-05-16 at 11:51:58 CST INFO  org.springframework.boot.devtools.autoconfigure.OptionalLiveReloadServer 58 startServer - LiveReload server is running on port 35729
2020-05-16 at 11:51:58 CST INFO  org.apache.juli.logging.DirectJDKLog 173 log - Starting ProtocolHandler ["http-nio-8080"]
2020-05-16 at 11:51:58 CST INFO  org.springframework.boot.web.embedded.tomcat.TomcatWebServer 204 start - Tomcat started on port(s): 8080 (http) with context path ''
2020-05-16 at 11:51:58 CST INFO  org.springframework.boot.StartupInfoLogger 61 logStarted - Started Music2Application in 1.739 seconds (JVM running for 2.838)
2020-05-16 at 11:52:03 CST INFO  org.apache.juli.logging.DirectJDKLog 173 log - Initializing Spring DispatcherServlet 'dispatcherServlet'
2020-05-16 at 11:52:03 CST INFO  org.springframework.web.servlet.FrameworkServlet 525 initServletBean - Initializing Servlet 'dispatcherServlet'
2020-05-16 at 11:52:03 CST INFO  org.springframework.web.servlet.FrameworkServlet 547 initServletBean - Completed initialization in 5 ms
2020-05-16 at 11:52:03 CST INFO  com.example.music2.web.HelloController 17 hello - 测试接口：日志开启
2020-05-16 at 11:52:03 CST INFO  com.example.music2.web.HelloController 17 hello - 测试接口：日志开启
2020-05-16 at 11:52:03 CST INFO  com.example.music2.web.HelloController 17 hello - 测试接口：日志开启
2020-05-16 at 11:52:03 CST INFO  com.example.music2.web.HelloController 17 hello - 测试接口：日志开启
2020-05-16 at 11:52:03 CST INFO  com.example.music2.web.HelloController 17 hello - 测试接口：日志开启
